<?xml version="1.0" encoding="UTF-8"?>
<!-- Generated by org.testng.reporters.JUnitReportReporter -->
<testsuite hostname="SH" failures="0" tests="1" name="practise_test.class_01" time="94.604" errors="0" timestamp="2024-04-12T16:57:55 IST" skipped="0">
  <testcase classname="practise_test.class_01" name="web" time="94.604"/>
</testsuite> <!-- practise_test.class_01 -->
